Script started on 2025-02-06 14:23:48+00:00 [COMMAND="./03-apic-cluster-installation.sh    "10.0.9.0" "L-WPTV-3V8RK2" "1.12.13"    "158.176.5.141" "" "ZAQ12wsx"    "apic"    "hcr.158.176.5.141.nip.io" "apic" "apic-cr" "Harbor12345"    "n1xc2.m16" "n1xc2.m8" "n1xc2.m16" "n1xc1.m8"" TERM="xterm-256color" TTY="/dev/pts/4" COLUMNS="106" LINES="29"]
[1;33m

   ######                                           ####      ####         ##                       
   ######                         ##                ####      ####         ##                       
     ##                           ##                  ##        ##                                  
     ##     ##.####    :#####.  #######    :####      ##        ##       ####     ##.####   :###:## 
     ##     #######   ########  #######    ######     ##        ##       ####     #######  .####### 
     ##     ###  :##  ##:  .:#    ##       #:  :##    ##        ##         ##     ###  :## ###  ### 
     ##     ##    ##  ##### .     ##        :#####    ##        ##         ##     ##    ## ##.  .## 
     ##     ##    ##  .######:    ##      .#######    ##        ##         ##     ##    ## ##    ## 
     ##     ##    ##     .: ##    ##      ## .  ##    ##        ##         ##     ##    ## ##.  .## 
     ##     ##    ##  #:.  :##    ##.     ##:  ###    ##:       ##:        ##     ##    ## ###  ### 
   ######   ##    ##  ########    #####   ########    #####     #####   ########  ##    ## .####### 
   ######   ##    ##  . ####      .####     ###.##    .####     .####   ########  ##    ##  :###:## 
                                                                                                :## 
                                                                                            ######  
                                                                                            :####:  
                                                                                                    
   :####:  ####                                                                                     
   ######  ####                            ##                                                       
 :##:  .#    ##                            ##                                                       
 ##          ##      ##    ##   :#####.  #######    .####:    ##.####                               
 ##.         ##      ##    ##  ########  #######   .######:   #######                               
 ##          ##      ##    ##  ##:  .:#    ##      ##:  :##   ###.                                  
 ##          ##      ##    ##  ##### .     ##      ########   ##                                    
 ##.         ##      ##    ##  .######:    ##      ########   ##                                    
 ##          ##      ##    ##     .: ##    ##      ##         ##                                    
 :##:  .#    ##:     ##:  ###  #:.  :##    ##.     ###.  :#   ##                                    
   ######    #####    #######  ########    #####   .#######   ##                                    
   :####:    .####     ###.##  . ####      .####    .#####:   ##                                    
[0m

# [0;32m===============================[0m
# [0;32mInstalling Cluster             [0m
# [0;32m===============================[0m


🙄  No changes required for the "apic" context
💗  Current context is "apic"


# [1;33m-------------------------------[0m
# [1;33mInstall DataPower operator     [0m
# [1;33m-------------------------------[0m
serviceaccount/datapower-operator unchanged
clusterrole.rbac.authorization.k8s.io/datapower-operator configured
clusterrolebinding.rbac.authorization.k8s.io/datapower-operator unchanged
role.rbac.authorization.k8s.io/datapower-operator configured
rolebinding.rbac.authorization.k8s.io/datapower-operator configured
deployment.apps/datapower-operator configured
pod/datapower-operator-7c44c6c5f6-2w6vl condition met
[1;33mdatapower-operator is waiting.[0m
pod/datapower-operator-7c44c6c5f6-2w6vl condition met
[1;33mdatapower-operator is ready.[0m
pod/datapower-operator-conversion-webhook-697d7c9d56-wwkw4 condition met
[1;33mdatapower-operator-conversion-webhook is waiting.[0m
pod/datapower-operator-conversion-webhook-697d7c9d56-wwkw4 condition met
[1;33mdatapower-operator is ready.[0m
NAME                                                     READY   STATUS    RESTARTS   AGE
datapower-operator-7c44c6c5f6-2w6vl                      1/1     Running   0          37h
datapower-operator-conversion-webhook-697d7c9d56-wwkw4   1/1     Running   0          3m7s
ibm-apiconnect-c576f8455-skc2n                           1/1     Running   0          37h


# [1;33m-------------------------------[0m
# [1;33mDeploy Management CR           [0m
# [1;33m-------------------------------[0m
managementcluster.management.apiconnect.ibm.com/management created
Starting to monitor management status...
Waiting for status to change from Pending to Running...
[H[2J[3JIteration: [0;31m 1  [0m
Last checked at: [1;33m 2025-02-06 14:25:20 [0m
Current state: management   1/17    Pending   10.0.9.0                        Management installation in progress - see status condition for details   30s

Total processing time: [0;31m 00:10 [0m
⏳ Still in [0;31mPending[0m status. Checking again in 10 seconds...
[1;33mPress Ctrl+C to stop monitoring[0m


NAME                                                     READY   STATUS    RESTARTS   AGE
datapower-operator-7c44c6c5f6-2w6vl                      1/1     Running   0          37h
datapower-operator-conversion-webhook-697d7c9d56-wwkw4   1/1     Running   0          3m38s
edb-operator-5c59c885d9-zclt6                            0/1     Running   0          5s
ibm-apiconnect-c576f8455-skc2n                           1/1     Running   0          37h
[H[2J[3JIteration: [0;31m 2  [0m
Last checked at: [1;33m 2025-02-06 14:25:30 [0m
Current state: management   1/17    Pending   10.0.9.0                        Management installation in progress - see status condition for details   40s

Total processing time: [0;31m 00:20 [0m
⏳ Still in [0;31mPending[0m status. Checking again in 10 seconds...
[1;33mPress Ctrl+C to stop monitoring[0m


NAME                                                     READY   STATUS    RESTARTS   AGE
datapower-operator-7c44c6c5f6-2w6vl                      1/1     Running   0          37h
datapower-operator-conversion-webhook-697d7c9d56-wwkw4   1/1     Running   0          3m48s
edb-operator-5c59c885d9-zclt6                            1/1     Running   0          15s
ibm-apiconnect-c576f8455-skc2n                           1/1     Running   0          37h
[H[2J[3JIteration: [0;31m 3  [0m
Last checked at: [1;33m 2025-02-06 14:25:40 [0m
Current state: management   2/17    Pending   10.0.9.0                        Management installation in progress - see status condition for details   50s

Total processing time: [0;31m 00:30 [0m
⏳ Still in [0;31mPending[0m status. Checking again in 10 seconds...
[1;33mPress Ctrl+C to stop monitoring[0m


NAME                                                     READY   STATUS            RESTARTS   AGE
datapower-operator-7c44c6c5f6-2w6vl                      1/1     Running           0          37h
datapower-operator-conversion-webhook-697d7c9d56-wwkw4   1/1     Running           0          3m58s
edb-operator-5c59c885d9-zclt6                            1/1     Running           0          25s
ibm-apiconnect-c576f8455-skc2n                           1/1     Running           0          37h
management-84a31e64-db-1-initdb-b49fz                    0/1     PodInitializing   0          2s
management-s3proxy-0                                     1/1     Running           0          8s
[H[2J[3JIteration: [0;31m 4  [0m
Last checked at: [1;33m 2025-02-06 14:25:50 [0m
Current state: management   2/17    Pending   10.0.9.0                        Management installation in progress - see status condition for details   60s

Total processing time: [0;31m 00:40 [0m
⏳ Still in [0;31mPending[0m status. Checking again in 10 seconds...
[1;33mPress Ctrl+C to stop monitoring[0m


NAME                                                     READY   STATUS      RESTARTS   AGE
datapower-operator-7c44c6c5f6-2w6vl                      1/1     Running     0          37h
datapower-operator-conversion-webhook-697d7c9d56-wwkw4   1/1     Running     0          4m8s
edb-operator-5c59c885d9-zclt6                            1/1     Running     0          35s
ibm-apiconnect-c576f8455-skc2n                           1/1     Running     0          37h
management-84a31e64-db-1                                 0/1     Running     0          6s
management-84a31e64-db-1-initdb-b49fz                    0/1     Completed   0          12s
management-s3proxy-0                                     1/1     Running     0          18s
[H[2J[3JIteration: [0;31m 5  [0m
Last checked at: [1;33m 2025-02-06 14:26:01 [0m
Current state: management   3/18    Pending   10.0.9.0                        Management installation in progress - see status condition for details   71s

Total processing time: [0;31m 00:50 [0m
⏳ Still in [0;31mPending[0m status. Checking again in 10 seconds...
[1;33mPress Ctrl+C to stop monitoring[0m


NAME                                                     READY   STATUS    RESTARTS   AGE
datapower-operator-7c44c6c5f6-2w6vl                      1/1     Running   0          37h
datapower-operator-conversion-webhook-697d7c9d56-wwkw4   1/1     Running   0          4m19s
edb-operator-5c59c885d9-zclt6                            1/1     Running   0          46s
ibm-apiconnect-c576f8455-skc2n                           1/1     Running   0          37h
management-84a31e64-db-1                                 1/1     Running   0          17s
management-s3proxy-0                                     1/1     Running   0          29s
[H[2J[3JIteration: [0;31m 6  [0m
Last checked at: [1;33m 2025-02-06 14:26:11 [0m
Current state: management   3/21    Pending   10.0.9.0                        Management installation in progress - see status condition for details   81s

Total processing time: [0;31m 01:00 [0m
⏳ Still in [0;31mPending[0m status. Checking again in 10 seconds...
[1;33mPress Ctrl+C to stop monitoring[0m


NAME                                                     READY   STATUS    RESTARTS   AGE
datapower-operator-7c44c6c5f6-2w6vl                      1/1     Running   0          37h
datapower-operator-conversion-webhook-697d7c9d56-wwkw4   1/1     Running   0          4m29s
edb-operator-5c59c885d9-zclt6                            1/1     Running   0          56s
ibm-apiconnect-c576f8455-skc2n                           1/1     Running   0          37h
management-84a31e64-db-1                                 1/1     Running   0          27s
management-analytics-ui-578d496f7f-tn7cc                 0/1     Running   0          2s
management-client-downloads-server-6d696d767f-6xnbp      0/1     Running   0          2s
management-ldap-7b8b5c8f6b-x8dqx                         0/1     Running   0          3s
management-natscluster-0                                 1/1     Running   0          2s
management-s3proxy-0                                     1/1     Running   0          39s
[H[2J[3JIteration: [0;31m 7  [0m
Last checked at: [1;33m 2025-02-06 14:26:21 [0m
Current state: management   4/21    Pending   10.0.9.0                        Management installation in progress - see status condition for details   91s

Total processing time: [0;31m 01:10 [0m
⏳ Still in [0;31mPending[0m status. Checking again in 10 seconds...
[1;33mPress Ctrl+C to stop monitoring[0m


NAME                                                     READY   STATUS      RESTARTS   AGE
datapower-operator-7c44c6c5f6-2w6vl                      1/1     Running     0          37h
datapower-operator-conversion-webhook-697d7c9d56-wwkw4   1/1     Running     0          4m39s
edb-operator-5c59c885d9-zclt6                            1/1     Running     0          66s
ibm-apiconnect-c576f8455-skc2n                           1/1     Running     0          37h
management-84a31e64-db-1                                 1/1     Running     0          37s
management-analytics-ui-578d496f7f-tn7cc                 0/1     Running     0          12s
management-client-downloads-server-6d696d767f-6xnbp      0/1     Running     0          12s
management-ldap-7b8b5c8f6b-x8dqx                         1/1     Running     0          13s
management-natscluster-0                                 1/1     Running     0          12s
management-s3proxy-0                                     1/1     Running     0          49s
management-up-apim-schema-0-to-735-ddaccfc9-zjr5g        1/1     Running     0          6s
management-up-lur-schema-0-to-103-ddaccfc9-5jdkb         0/1     Completed   0          6s
[H[2J[3JIteration: [0;31m 8  [0m
Last checked at: [1;33m 2025-02-06 14:26:31 [0m
Current state: management   7/20    Pending   10.0.9.0                        Management installation in progress - see status condition for details   101s

Total processing time: [0;31m 01:20 [0m
⏳ Still in [0;31mPending[0m status. Checking again in 10 seconds...
[1;33mPress Ctrl+C to stop monitoring[0m


NAME                                                     READY   STATUS      RESTARTS   AGE
datapower-operator-7c44c6c5f6-2w6vl                      1/1     Running     0          37h
datapower-operator-conversion-webhook-697d7c9d56-wwkw4   1/1     Running     0          4m49s
edb-operator-5c59c885d9-zclt6                            1/1     Running     0          76s
ibm-apiconnect-c576f8455-skc2n                           1/1     Running     0          37h
management-84a31e64-db-1                                 1/1     Running     0          47s
management-analytics-ui-578d496f7f-tn7cc                 1/1     Running     0          22s
management-client-downloads-server-6d696d767f-6xnbp      1/1     Running     0          22s
management-ldap-7b8b5c8f6b-x8dqx                         1/1     Running     0          23s
management-natscluster-0                                 1/1     Running     0          22s
management-s3proxy-0                                     1/1     Running     0          59s
management-up-apim-schema-0-to-735-ddaccfc9-zjr5g        1/1     Running     0          16s
management-up-lur-schema-0-to-103-ddaccfc9-5jdkb         0/1     Completed   0          16s
[H[2J[3JIteration: [0;31m 9  [0m
Last checked at: [1;33m 2025-02-06 14:26:42 [0m
Current state: management   7/20    Pending   10.0.9.0                        Management installation in progress - see status condition for details   112s

Total processing time: [0;31m 01:30 [0m
⏳ Still in [0;31mPending[0m status. Checking again in 10 seconds...
[1;33mPress Ctrl+C to stop monitoring[0m


NAME                                                     READY   STATUS      RESTARTS   AGE
datapower-operator-7c44c6c5f6-2w6vl                      1/1     Running     0          37h
datapower-operator-conversion-webhook-697d7c9d56-wwkw4   1/1     Running     0          5m
edb-operator-5c59c885d9-zclt6                            1/1     Running     0          87s
ibm-apiconnect-c576f8455-skc2n                           1/1     Running     0          37h
management-84a31e64-db-1                                 1/1     Running     0          58s
management-analytics-ui-578d496f7f-tn7cc                 1/1     Running     0          33s
management-client-downloads-server-6d696d767f-6xnbp      1/1     Running     0          33s
management-ldap-7b8b5c8f6b-x8dqx                         1/1     Running     0          34s
management-natscluster-0                                 1/1     Running     0          33s
management-s3proxy-0                                     1/1     Running     0          70s
management-up-apim-schema-0-to-735-ddaccfc9-zjr5g        0/1     Completed   0          27s
management-up-lur-schema-0-to-103-ddaccfc9-5jdkb         0/1     Completed   0          27s
[H[2J[3JIteration: [0;31m 10  [0m
Last checked at: [1;33m 2025-02-06 14:26:52 [0m
Current state: management   7/19    Pending   10.0.9.0                        Management installation in progress - see status condition for details   2m2s

Total processing time: [0;31m 01:40 [0m
⏳ Still in [0;31mPending[0m status. Checking again in 10 seconds...
[1;33mPress Ctrl+C to stop monitoring[0m


NAME                                                      READY   STATUS      RESTARTS   AGE
datapower-operator-7c44c6c5f6-2w6vl                       1/1     Running     0          37h
datapower-operator-conversion-webhook-697d7c9d56-wwkw4    1/1     Running     0          5m10s
edb-operator-5c59c885d9-zclt6                             1/1     Running     0          97s
ibm-apiconnect-c576f8455-skc2n                            1/1     Running     0          37h
management-84a31e64-db-1                                  1/1     Running     0          68s
management-analytics-ui-578d496f7f-tn7cc                  1/1     Running     0          43s
management-client-downloads-server-6d696d767f-6xnbp       1/1     Running     0          43s
management-ldap-7b8b5c8f6b-x8dqx                          1/1     Running     0          44s
management-natscluster-0                                  1/1     Running     0          43s
management-s3proxy-0                                      1/1     Running     0          80s
management-up-apim-schema-0-to-735-ddaccfc9-zjr5g         0/1     Completed   0          37s
management-up-lur-data-populate-0-to-103-ddaccfc9-lkmnh   1/1     Running     0          3s
management-up-lur-schema-0-to-103-ddaccfc9-5jdkb          0/1     Completed   0          37s
[H[2J[3JIteration: [0;31m 11  [0m
Last checked at: [1;33m 2025-02-06 14:27:02 [0m
Current state: management   7/18    Pending   10.0.9.0                        Management installation in progress - see status condition for details   2m12s

Total processing time: [0;31m 01:50 [0m
⏳ Still in [0;31mPending[0m status. Checking again in 10 seconds...
[1;33mPress Ctrl+C to stop monitoring[0m


NAME                                                      READY   STATUS      RESTARTS   AGE
datapower-operator-7c44c6c5f6-2w6vl                       1/1     Running     0          37h
datapower-operator-conversion-webhook-697d7c9d56-wwkw4    1/1     Running     0          5m20s
edb-operator-5c59c885d9-zclt6                             1/1     Running     0          107s
ibm-apiconnect-c576f8455-skc2n                            1/1     Running     0          37h
management-84a31e64-db-1                                  1/1     Running     0          78s
management-analytics-ui-578d496f7f-tn7cc                  1/1     Running     0          53s
management-client-downloads-server-6d696d767f-6xnbp       1/1     Running     0          53s
management-ldap-7b8b5c8f6b-x8dqx                          1/1     Running     0          54s
management-natscluster-0                                  1/1     Running     0          53s
management-s3proxy-0                                      1/1     Running     0          90s
management-up-apim-schema-0-to-735-ddaccfc9-zjr5g         0/1     Completed   0          47s
management-up-lur-data-populate-0-to-103-ddaccfc9-lkmnh   0/1     Completed   0          13s
management-up-lur-schema-0-to-103-ddaccfc9-5jdkb          0/1     Completed   0          47s
[H[2J[3JIteration: [0;31m 12  [0m
Last checked at: [1;33m 2025-02-06 14:27:12 [0m
Current state: management   7/18    Pending   10.0.9.0                        Management installation in progress - see status condition for details   2m22s

Total processing time: [0;31m 02:00 [0m
⏳ Still in [0;31mPending[0m status. Checking again in 10 seconds...
[1;33mPress Ctrl+C to stop monitoring[0m


NAME                                                      READY   STATUS      RESTARTS   AGE
datapower-operator-7c44c6c5f6-2w6vl                       1/1     Running     0          37h
datapower-operator-conversion-webhook-697d7c9d56-wwkw4    1/1     Running     0          5m30s
edb-operator-5c59c885d9-zclt6                             1/1     Running     0          117s
ibm-apiconnect-c576f8455-skc2n                            1/1     Running     0          37h
management-84a31e64-db-1                                  1/1     Running     0          88s
management-analytics-ui-578d496f7f-tn7cc                  1/1     Running     0          63s
management-client-downloads-server-6d696d767f-6xnbp       1/1     Running     0          63s
management-ldap-7b8b5c8f6b-x8dqx                          1/1     Running     0          64s
management-lur-58d6d799bb-v7464                           0/1     Running     0          10s
management-natscluster-0                                  1/1     Running     0          63s
management-s3proxy-0                                      1/1     Running     0          100s
management-up-apim-schema-0-to-735-ddaccfc9-zjr5g         0/1     Completed   0          57s
management-up-lur-data-populate-0-to-103-ddaccfc9-lkmnh   0/1     Completed   0          23s
management-up-lur-schema-0-to-103-ddaccfc9-5jdkb          0/1     Completed   0          57s
[H[2J[3JIteration: [0;31m 13  [0m
Last checked at: [1;33m 2025-02-06 14:27:22 [0m
Current state: management   8/18    Pending   10.0.9.0                        Management installation in progress - see status condition for details   2m32s

Total processing time: [0;31m 02:10 [0m
⏳ Still in [0;31mPending[0m status. Checking again in 10 seconds...
[1;33mPress Ctrl+C to stop monitoring[0m


NAME                                                      READY   STATUS      RESTARTS   AGE
datapower-operator-7c44c6c5f6-2w6vl                       1/1     Running     0          37h
datapower-operator-conversion-webhook-697d7c9d56-wwkw4    1/1     Running     0          5m41s
edb-operator-5c59c885d9-zclt6                             1/1     Running     0          2m8s
ibm-apiconnect-c576f8455-skc2n                            1/1     Running     0          37h
management-84a31e64-db-1                                  1/1     Running     0          99s
management-analytics-ui-578d496f7f-tn7cc                  1/1     Running     0          74s
management-client-downloads-server-6d696d767f-6xnbp       1/1     Running     0          74s
management-ldap-7b8b5c8f6b-x8dqx                          1/1     Running     0          75s
management-lur-58d6d799bb-v7464                           1/1     Running     0          21s
management-natscluster-0                                  1/1     Running     0          74s
management-s3proxy-0                                      1/1     Running     0          111s
management-up-apim-schema-0-to-735-ddaccfc9-zjr5g         0/1     Completed   0          68s
management-up-lur-data-populate-0-to-103-ddaccfc9-lkmnh   0/1     Completed   0          34s
management-up-lur-schema-0-to-103-ddaccfc9-5jdkb          0/1     Completed   0          68s
[H[2J[3JIteration: [0;31m 14  [0m
Last checked at: [1;33m 2025-02-06 14:27:33 [0m
Current state: management   8/18    Pending   10.0.9.0                        Management installation in progress - see status condition for details   2m43s

Total processing time: [0;31m 02:20 [0m
⏳ Still in [0;31mPending[0m status. Checking again in 10 seconds...
[1;33mPress Ctrl+C to stop monitoring[0m


NAME                                                       READY   STATUS      RESTARTS   AGE
datapower-operator-7c44c6c5f6-2w6vl                        1/1     Running     0          37h
datapower-operator-conversion-webhook-697d7c9d56-wwkw4     1/1     Running     0          5m51s
edb-operator-5c59c885d9-zclt6                              1/1     Running     0          2m18s
ibm-apiconnect-c576f8455-skc2n                             1/1     Running     0          37h
management-84a31e64-db-1                                   1/1     Running     0          109s
management-analytics-ui-578d496f7f-tn7cc                   1/1     Running     0          84s
management-client-downloads-server-6d696d767f-6xnbp        1/1     Running     0          84s
management-ldap-7b8b5c8f6b-x8dqx                           1/1     Running     0          85s
management-lur-58d6d799bb-v7464                            1/1     Running     0          31s
management-natscluster-0                                   1/1     Running     0          84s
management-s3proxy-0                                       1/1     Running     0          2m1s
management-up-apim-data-populate-0-to-735-ddaccfc9-xh7gs   1/1     Running     0          9s
management-up-apim-schema-0-to-735-ddaccfc9-zjr5g          0/1     Completed   0          78s
management-up-lur-data-populate-0-to-103-ddaccfc9-lkmnh    0/1     Completed   0          44s
management-up-lur-schema-0-to-103-ddaccfc9-5jdkb           0/1     Completed   0          78s
[H[2J[3JIteration: [0;31m 15  [0m
Last checked at: [1;33m 2025-02-06 14:27:43 [0m
Current state: management   8/18    Pending   10.0.9.0                        Management installation in progress - see status condition for details   2m53s

Total processing time: [0;31m 02:30 [0m
⏳ Still in [0;31mPending[0m status. Checking again in 10 seconds...
[1;33mPress Ctrl+C to stop monitoring[0m


NAME                                                       READY   STATUS      RESTARTS   AGE
datapower-operator-7c44c6c5f6-2w6vl                        1/1     Running     0          37h
datapower-operator-conversion-webhook-697d7c9d56-wwkw4     1/1     Running     0          6m1s
edb-operator-5c59c885d9-zclt6                              1/1     Running     0          2m28s
ibm-apiconnect-c576f8455-skc2n                             1/1     Running     0          37h
management-84a31e64-db-1                                   1/1     Running     0          119s
management-analytics-ui-578d496f7f-tn7cc                   1/1     Running     0          94s
management-client-downloads-server-6d696d767f-6xnbp        1/1     Running     0          94s
management-ldap-7b8b5c8f6b-x8dqx                           1/1     Running     0          95s
management-lur-58d6d799bb-v7464                            1/1     Running     0          41s
management-natscluster-0                                   1/1     Running     0          94s
management-s3proxy-0                                       1/1     Running     0          2m11s
management-up-apim-data-populate-0-to-735-ddaccfc9-xh7gs   1/1     Running     0          19s
management-up-apim-schema-0-to-735-ddaccfc9-zjr5g          0/1     Completed   0          88s
management-up-lur-data-populate-0-to-103-ddaccfc9-lkmnh    0/1     Completed   0          54s
management-up-lur-schema-0-to-103-ddaccfc9-5jdkb           0/1     Completed   0          88s
[H[2J[3JIteration: [0;31m 16  [0m
Last checked at: [1;33m 2025-02-06 14:27:53 [0m
Current state: management   8/18    Pending   10.0.9.0                        Management installation in progress - see status condition for details   3m3s

Total processing time: [0;31m 02:40 [0m
⏳ Still in [0;31mPending[0m status. Checking again in 10 seconds...
[1;33mPress Ctrl+C to stop monitoring[0m


NAME                                                       READY   STATUS      RESTARTS   AGE
datapower-operator-7c44c6c5f6-2w6vl                        1/1     Running     0          37h
datapower-operator-conversion-webhook-697d7c9d56-wwkw4     1/1     Running     0          6m11s
edb-operator-5c59c885d9-zclt6                              1/1     Running     0          2m38s
ibm-apiconnect-c576f8455-skc2n                             1/1     Running     0          37h
management-84a31e64-db-1                                   1/1     Running     0          2m9s
management-analytics-ui-578d496f7f-tn7cc                   1/1     Running     0          104s
management-client-downloads-server-6d696d767f-6xnbp        1/1     Running     0          104s
management-ldap-7b8b5c8f6b-x8dqx                           1/1     Running     0          105s
management-lur-58d6d799bb-v7464                            1/1     Running     0          51s
management-natscluster-0                                   1/1     Running     0          104s
management-s3proxy-0                                       1/1     Running     0          2m21s
management-up-apim-data-populate-0-to-735-ddaccfc9-xh7gs   1/1     Running     0          29s
management-up-apim-schema-0-to-735-ddaccfc9-zjr5g          0/1     Completed   0          98s
management-up-lur-data-populate-0-to-103-ddaccfc9-lkmnh    0/1     Completed   0          64s
management-up-lur-schema-0-to-103-ddaccfc9-5jdkb           0/1     Completed   0          98s
[H[2J[3JIteration: [0;31m 17  [0m
Last checked at: [1;33m 2025-02-06 14:28:03 [0m
Current state: management   8/18    Pending   10.0.9.0                        Management installation in progress - see status condition for details   3m13s

Total processing time: [0;31m 02:50 [0m
⏳ Still in [0;31mPending[0m status. Checking again in 10 seconds...
[1;33mPress Ctrl+C to stop monitoring[0m


NAME                                                       READY   STATUS      RESTARTS   AGE
datapower-operator-7c44c6c5f6-2w6vl                        1/1     Running     0          37h
datapower-operator-conversion-webhook-697d7c9d56-wwkw4     1/1     Running     0          6m22s
edb-operator-5c59c885d9-zclt6                              1/1     Running     0          2m49s
ibm-apiconnect-c576f8455-skc2n                             1/1     Running     0          37h
management-84a31e64-db-1                                   1/1     Running     0          2m20s
management-analytics-ui-578d496f7f-tn7cc                   1/1     Running     0          115s
management-client-downloads-server-6d696d767f-6xnbp        1/1     Running     0          115s
management-ldap-7b8b5c8f6b-x8dqx                           1/1     Running     0          116s
management-lur-58d6d799bb-v7464                            1/1     Running     0          62s
management-natscluster-0                                   1/1     Running     0          115s
management-s3proxy-0                                       1/1     Running     0          2m32s
management-up-apim-data-populate-0-to-735-ddaccfc9-xh7gs   1/1     Running     0          40s
management-up-apim-schema-0-to-735-ddaccfc9-zjr5g          0/1     Completed   0          109s
management-up-lur-data-populate-0-to-103-ddaccfc9-lkmnh    0/1     Completed   0          75s
management-up-lur-schema-0-to-103-ddaccfc9-5jdkb           0/1     Completed   0          109s
[H[2J[3JIteration: [0;31m 18  [0m
Last checked at: [1;33m 2025-02-06 14:28:14 [0m
Current state: management   9/18    Pending   10.0.9.0                        Management installation in progress - see status condition for details   3m24s

Total processing time: [0;31m 03:00 [0m
⏳ Still in [0;31mPending[0m status. Checking again in 10 seconds...
[1;33mPress Ctrl+C to stop monitoring[0m


NAME                                                       READY   STATUS      RESTARTS   AGE
datapower-operator-7c44c6c5f6-2w6vl                        1/1     Running     0          37h
datapower-operator-conversion-webhook-697d7c9d56-wwkw4     1/1     Running     0          6m32s
edb-operator-5c59c885d9-zclt6                              1/1     Running     0          2m59s
ibm-apiconnect-c576f8455-skc2n                             1/1     Running     0          37h
management-84a31e64-db-1                                   1/1     Running     0          2m30s
management-analytics-ui-578d496f7f-tn7cc                   1/1     Running     0          2m5s
management-client-downloads-server-6d696d767f-6xnbp        1/1     Running     0          2m5s
management-ldap-7b8b5c8f6b-x8dqx                           1/1     Running     0          2m6s
management-lur-58d6d799bb-v7464                            1/1     Running     0          72s
management-natscluster-0                                   1/1     Running     0          2m5s
management-s3proxy-0                                       1/1     Running     0          2m42s
management-up-apim-data-populate-0-to-735-ddaccfc9-xh7gs   0/1     Completed   0          50s
management-up-apim-schema-0-to-735-ddaccfc9-zjr5g          0/1     Completed   0          119s
management-up-lur-data-populate-0-to-103-ddaccfc9-lkmnh    0/1     Completed   0          85s
management-up-lur-schema-0-to-103-ddaccfc9-5jdkb           0/1     Completed   0          119s
[H[2J[3JIteration: [0;31m 19  [0m
Last checked at: [1;33m 2025-02-06 14:28:24 [0m
Current state: management   9/18    Pending   10.0.9.0                        Management installation in progress - see status condition for details   3m34s

Total processing time: [0;31m 03:10 [0m
⏳ Still in [0;31mPending[0m status. Checking again in 10 seconds...
[1;33mPress Ctrl+C to stop monitoring[0m


NAME                                                       READY   STATUS      RESTARTS   AGE
datapower-operator-7c44c6c5f6-2w6vl                        1/1     Running     0          37h
datapower-operator-conversion-webhook-697d7c9d56-wwkw4     1/1     Running     0          6m42s
edb-operator-5c59c885d9-zclt6                              1/1     Running     0          3m9s
ibm-apiconnect-c576f8455-skc2n                             1/1     Running     0          37h
management-84a31e64-db-1                                   1/1     Running     0          2m40s
management-analytics-ui-578d496f7f-tn7cc                   1/1     Running     0          2m15s
management-client-downloads-server-6d696d767f-6xnbp        1/1     Running     0          2m15s
management-ldap-7b8b5c8f6b-x8dqx                           1/1     Running     0          2m16s
management-lur-58d6d799bb-v7464                            1/1     Running     0          82s
management-natscluster-0                                   1/1     Running     0          2m15s
management-s3proxy-0                                       1/1     Running     0          2m52s
management-up-apim-data-populate-0-to-735-ddaccfc9-xh7gs   0/1     Completed   0          60s
management-up-apim-schema-0-to-735-ddaccfc9-zjr5g          0/1     Completed   0          2m9s
management-up-lur-data-populate-0-to-103-ddaccfc9-lkmnh    0/1     Completed   0          95s
management-up-lur-schema-0-to-103-ddaccfc9-5jdkb           0/1     Completed   0          2m9s
[H[2J[3JIteration: [0;31m 20  [0m
Last checked at: [1;33m 2025-02-06 14:28:34 [0m
Current state: management   9/18    Pending   10.0.9.0                        Management installation in progress - see status condition for details   3m44s

Total processing time: [0;31m 03:20 [0m
⏳ Still in [0;31mPending[0m status. Checking again in 10 seconds...
[1;33mPress Ctrl+C to stop monitoring[0m


NAME                                                       READY   STATUS      RESTARTS   AGE
datapower-operator-7c44c6c5f6-2w6vl                        1/1     Running     0          37h
datapower-operator-conversion-webhook-697d7c9d56-wwkw4     1/1     Running     0          6m52s
edb-operator-5c59c885d9-zclt6                              1/1     Running     0          3m19s
ibm-apiconnect-c576f8455-skc2n                             1/1     Running     0          37h
management-84a31e64-db-1                                   1/1     Running     0          2m50s
management-analytics-ui-578d496f7f-tn7cc                   1/1     Running     0          2m25s
management-apim-89d8fbd89-782g7                            0/1     Running     0          3s
management-client-downloads-server-6d696d767f-6xnbp        1/1     Running     0          2m25s
management-ldap-7b8b5c8f6b-x8dqx                           1/1     Running     0          2m26s
management-lur-58d6d799bb-v7464                            1/1     Running     0          92s
management-natscluster-0                                   1/1     Running     0          2m25s
management-s3proxy-0                                       1/1     Running     0          3m2s
management-up-apim-data-populate-0-to-735-ddaccfc9-xh7gs   0/1     Completed   0          70s
management-up-apim-schema-0-to-735-ddaccfc9-zjr5g          0/1     Completed   0          2m19s
management-up-lur-data-populate-0-to-103-ddaccfc9-lkmnh    0/1     Completed   0          105s
management-up-lur-schema-0-to-103-ddaccfc9-5jdkb           0/1     Completed   0          2m19s
[H[2J[3JIteration: [0;31m 21  [0m
Last checked at: [1;33m 2025-02-06 14:28:44 [0m
Current state: management   9/18    Pending   10.0.9.0                        Management installation in progress - see status condition for details   3m54s

Total processing time: [0;31m 03:30 [0m
⏳ Still in [0;31mPending[0m status. Checking again in 10 seconds...
[1;33mPress Ctrl+C to stop monitoring[0m


NAME                                                       READY   STATUS      RESTARTS   AGE
datapower-operator-7c44c6c5f6-2w6vl                        1/1     Running     0          37h
datapower-operator-conversion-webhook-697d7c9d56-wwkw4     1/1     Running     0          7m2s
edb-operator-5c59c885d9-zclt6                              1/1     Running     0          3m29s
ibm-apiconnect-c576f8455-skc2n                             1/1     Running     0          37h
management-84a31e64-db-1                                   1/1     Running     0          3m
management-analytics-ui-578d496f7f-tn7cc                   1/1     Running     0          2m35s
management-apim-89d8fbd89-782g7                            0/1     Running     0          13s
management-client-downloads-server-6d696d767f-6xnbp        1/1     Running     0          2m35s
management-ldap-7b8b5c8f6b-x8dqx                           1/1     Running     0          2m36s
management-lur-58d6d799bb-v7464                            1/1     Running     0          102s
management-natscluster-0                                   1/1     Running     0          2m35s
management-s3proxy-0                                       1/1     Running     0          3m12s
management-up-apim-data-populate-0-to-735-ddaccfc9-xh7gs   0/1     Completed   0          80s
management-up-apim-schema-0-to-735-ddaccfc9-zjr5g          0/1     Completed   0          2m29s
management-up-lur-data-populate-0-to-103-ddaccfc9-lkmnh    0/1     Completed   0          115s
management-up-lur-schema-0-to-103-ddaccfc9-5jdkb           0/1     Completed   0          2m29s
[H[2J[3JIteration: [0;31m 22  [0m
Last checked at: [1;33m 2025-02-06 14:28:55 [0m
Current state: management   9/18    Pending   10.0.9.0                        Management installation in progress - see status condition for details   4m5s

Total processing time: [0;31m 03:40 [0m
⏳ Still in [0;31mPending[0m status. Checking again in 10 seconds...
[1;33mPress Ctrl+C to stop monitoring[0m


NAME                                                       READY   STATUS      RESTARTS   AGE
datapower-operator-7c44c6c5f6-2w6vl                        1/1     Running     0          37h
datapower-operator-conversion-webhook-697d7c9d56-wwkw4     1/1     Running     0          7m13s
edb-operator-5c59c885d9-zclt6                              1/1     Running     0          3m40s
ibm-apiconnect-c576f8455-skc2n                             1/1     Running     0          37h
management-84a31e64-db-1                                   1/1     Running     0          3m11s
management-analytics-ui-578d496f7f-tn7cc                   1/1     Running     0          2m46s
management-apim-89d8fbd89-782g7                            0/1     Running     0          24s
management-client-downloads-server-6d696d767f-6xnbp        1/1     Running     0          2m46s
management-ldap-7b8b5c8f6b-x8dqx                           1/1     Running     0          2m47s
management-lur-58d6d799bb-v7464                            1/1     Running     0          113s
management-natscluster-0                                   1/1     Running     0          2m46s
management-s3proxy-0                                       1/1     Running     0          3m23s
management-up-apim-data-populate-0-to-735-ddaccfc9-xh7gs   0/1     Completed   0          91s
management-up-apim-schema-0-to-735-ddaccfc9-zjr5g          0/1     Completed   0          2m40s
management-up-lur-data-populate-0-to-103-ddaccfc9-lkmnh    0/1     Completed   0          2m6s
management-up-lur-schema-0-to-103-ddaccfc9-5jdkb           0/1     Completed   0          2m40s
[H[2J[3JIteration: [0;31m 23  [0m
Last checked at: [1;33m 2025-02-06 14:29:05 [0m
Current state: management   9/18    Pending   10.0.9.0                        Management installation in progress - see status condition for details   4m15s

Total processing time: [0;31m 03:50 [0m
⏳ Still in [0;31mPending[0m status. Checking again in 10 seconds...
[1;33mPress Ctrl+C to stop monitoring[0m


NAME                                                       READY   STATUS      RESTARTS   AGE
datapower-operator-7c44c6c5f6-2w6vl                        1/1     Running     0          37h
datapower-operator-conversion-webhook-697d7c9d56-wwkw4     1/1     Running     0          7m23s
edb-operator-5c59c885d9-zclt6                              1/1     Running     0          3m50s
ibm-apiconnect-c576f8455-skc2n                             1/1     Running     0          37h
management-84a31e64-db-1                                   1/1     Running     0          3m21s
management-analytics-ui-578d496f7f-tn7cc                   1/1     Running     0          2m56s
management-apim-89d8fbd89-782g7                            1/1     Running     0          34s
management-client-downloads-server-6d696d767f-6xnbp        1/1     Running     0          2m56s
management-ldap-7b8b5c8f6b-x8dqx                           1/1     Running     0          2m57s
management-lur-58d6d799bb-v7464                            1/1     Running     0          2m3s
management-natscluster-0                                   1/1     Running     0          2m56s
management-s3proxy-0                                       1/1     Running     0          3m33s
management-up-apim-data-populate-0-to-735-ddaccfc9-xh7gs   0/1     Completed   0          101s
management-up-apim-schema-0-to-735-ddaccfc9-zjr5g          0/1     Completed   0          2m50s
management-up-lur-data-populate-0-to-103-ddaccfc9-lkmnh    0/1     Completed   0          2m16s
management-up-lur-schema-0-to-103-ddaccfc9-5jdkb           0/1     Completed   0          2m50s
[H[2J[3JIteration: [0;31m 24  [0m
Last checked at: [1;33m 2025-02-06 14:29:15 [0m
Current state: management   10/18   Pending   10.0.9.0                        Management installation in progress - see status condition for details   4m25s

Total processing time: [0;31m 04:00 [0m
⏳ Still in [0;31mPending[0m status. Checking again in 10 seconds...
[1;33mPress Ctrl+C to stop monitoring[0m


NAME                                                       READY   STATUS      RESTARTS   AGE
datapower-operator-7c44c6c5f6-2w6vl                        1/1     Running     0          37h
datapower-operator-conversion-webhook-697d7c9d56-wwkw4     1/1     Running     0          7m33s
edb-operator-5c59c885d9-zclt6                              1/1     Running     0          4m
ibm-apiconnect-c576f8455-skc2n                             1/1     Running     0          37h
management-84a31e64-db-1                                   1/1     Running     0          3m31s
management-analytics-ui-578d496f7f-tn7cc                   1/1     Running     0          3m6s
management-apim-89d8fbd89-782g7                            1/1     Running     0          44s
management-client-downloads-server-6d696d767f-6xnbp        1/1     Running     0          3m6s
management-ldap-7b8b5c8f6b-x8dqx                           1/1     Running     0          3m7s
management-lur-58d6d799bb-v7464                            1/1     Running     0          2m13s
management-natscluster-0                                   1/1     Running     0          3m6s
management-s3proxy-0                                       1/1     Running     0          3m43s
management-up-apim-data-populate-0-to-735-ddaccfc9-xh7gs   0/1     Completed   0          111s
management-up-apim-schema-0-to-735-ddaccfc9-zjr5g          0/1     Completed   0          3m
management-up-lur-data-populate-0-to-103-ddaccfc9-lkmnh    0/1     Completed   0          2m26s
management-up-lur-schema-0-to-103-ddaccfc9-5jdkb           0/1     Completed   0          3m
[H[2J[3JIteration: [0;31m 25  [0m
Last checked at: [1;33m 2025-02-06 14:29:25 [0m
Current state: management   11/18   Pending   10.0.9.0                        Management installation in progress - see status condition for details   4m35s

Total processing time: [0;31m 04:10 [0m
⏳ Still in [0;31mPending[0m status. Checking again in 10 seconds...
[1;33mPress Ctrl+C to stop monitoring[0m


NAME                                                       READY   STATUS      RESTARTS   AGE
datapower-operator-7c44c6c5f6-2w6vl                        1/1     Running     0          37h
datapower-operator-conversion-webhook-697d7c9d56-wwkw4     1/1     Running     0          7m43s
edb-operator-5c59c885d9-zclt6                              1/1     Running     0          4m10s
ibm-apiconnect-c576f8455-skc2n                             1/1     Running     0          37h
management-84a31e64-db-1                                   1/1     Running     0          3m41s
management-analytics-proxy-58c4897b4f-hxw9j                0/1     Running     0          8s
management-analytics-ui-578d496f7f-tn7cc                   1/1     Running     0          3m16s
management-apim-89d8fbd89-782g7                            1/1     Running     0          54s
management-client-downloads-server-6d696d767f-6xnbp        1/1     Running     0          3m16s
management-consumer-catalog-6d7656487d-p2tpb               0/1     Running     0          7s
management-ldap-7b8b5c8f6b-x8dqx                           1/1     Running     0          3m17s
management-lur-58d6d799bb-v7464                            1/1     Running     0          2m23s
management-natscluster-0                                   1/1     Running     0          3m16s
management-portal-proxy-86d56474d7-2wb8d                   0/1     Running     0          7s
management-s3proxy-0                                       1/1     Running     0          3m53s
management-taskmanager-8c97c699b-sqzb5                     0/1     Running     0          8s
management-ui-9c756b6bb-9ccb8                              0/2     Running     0          8s
management-up-apim-data-populate-0-to-735-ddaccfc9-xh7gs   0/1     Completed   0          2m1s
management-up-apim-schema-0-to-735-ddaccfc9-zjr5g          0/1     Completed   0          3m10s
management-up-lur-data-populate-0-to-103-ddaccfc9-lkmnh    0/1     Completed   0          2m36s
management-up-lur-schema-0-to-103-ddaccfc9-5jdkb           0/1     Completed   0          3m10s
management-websocket-proxy-df479f5f8-ngnkf                 1/1     Running     0          8s
[H[2J[3JIteration: [0;31m 26  [0m
Last checked at: [1;33m 2025-02-06 14:29:36 [0m
Current state: management   13/18   Pending   10.0.9.0                        Management installation in progress - see status condition for details   4m46s

Total processing time: [0;31m 04:20 [0m
⏳ Still in [0;31mPending[0m status. Checking again in 10 seconds...
[1;33mPress Ctrl+C to stop monitoring[0m


NAME                                                       READY   STATUS      RESTARTS   AGE
datapower-operator-7c44c6c5f6-2w6vl                        1/1     Running     0          37h
datapower-operator-conversion-webhook-697d7c9d56-wwkw4     1/1     Running     0          7m54s
edb-operator-5c59c885d9-zclt6                              1/1     Running     0          4m21s
ibm-apiconnect-c576f8455-skc2n                             1/1     Running     0          37h
management-84a31e64-db-1                                   1/1     Running     0          3m52s
management-analytics-proxy-58c4897b4f-hxw9j                0/1     Running     0          19s
management-analytics-ui-578d496f7f-tn7cc                   1/1     Running     0          3m27s
management-apim-89d8fbd89-782g7                            1/1     Running     0          65s
management-client-downloads-server-6d696d767f-6xnbp        1/1     Running     0          3m27s
management-consumer-catalog-6d7656487d-p2tpb               0/1     Running     0          18s
management-ldap-7b8b5c8f6b-x8dqx                           1/1     Running     0          3m28s
management-lur-58d6d799bb-v7464                            1/1     Running     0          2m34s
management-natscluster-0                                   1/1     Running     0          3m27s
management-portal-proxy-86d56474d7-2wb8d                   0/1     Running     0          18s
management-s3proxy-0                                       1/1     Running     0          4m4s
management-taskmanager-8c97c699b-sqzb5                     0/1     Running     0          19s
management-ui-9c756b6bb-9ccb8                              2/2     Running     0          19s
management-up-apim-data-populate-0-to-735-ddaccfc9-xh7gs   0/1     Completed   0          2m12s
management-up-apim-schema-0-to-735-ddaccfc9-zjr5g          0/1     Completed   0          3m21s
management-up-lur-data-populate-0-to-103-ddaccfc9-lkmnh    0/1     Completed   0          2m47s
management-up-lur-schema-0-to-103-ddaccfc9-5jdkb           0/1     Completed   0          3m21s
management-websocket-proxy-df479f5f8-ngnkf                 1/1     Running     0          19s
[H[2J[3JIteration: [0;31m 27  [0m
Last checked at: [1;33m 2025-02-06 14:29:46 [0m
Current state: management   15/18   Pending   10.0.9.0                        Management installation in progress - see status condition for details   4m56s

Total processing time: [0;31m 04:30 [0m
⏳ Still in [0;31mPending[0m status. Checking again in 10 seconds...
[1;33mPress Ctrl+C to stop monitoring[0m


NAME                                                       READY   STATUS      RESTARTS   AGE
datapower-operator-7c44c6c5f6-2w6vl                        1/1     Running     0          37h
datapower-operator-conversion-webhook-697d7c9d56-wwkw4     1/1     Running     0          8m4s
edb-operator-5c59c885d9-zclt6                              1/1     Running     0          4m31s
ibm-apiconnect-c576f8455-skc2n                             1/1     Running     0          37h
management-84a31e64-db-1                                   1/1     Running     0          4m2s
management-analytics-proxy-58c4897b4f-hxw9j                1/1     Running     0          29s
management-analytics-ui-578d496f7f-tn7cc                   1/1     Running     0          3m37s
management-apim-89d8fbd89-782g7                            1/1     Running     0          75s
management-client-downloads-server-6d696d767f-6xnbp        1/1     Running     0          3m37s
management-consumer-catalog-6d7656487d-p2tpb               1/1     Running     0          28s
management-ldap-7b8b5c8f6b-x8dqx                           1/1     Running     0          3m38s
management-lur-58d6d799bb-v7464                            1/1     Running     0          2m44s
management-natscluster-0                                   1/1     Running     0          3m37s
management-portal-proxy-86d56474d7-2wb8d                   0/1     Running     0          28s
management-s3proxy-0                                       1/1     Running     0          4m14s
management-taskmanager-8c97c699b-sqzb5                     0/1     Running     0          29s
management-ui-9c756b6bb-9ccb8                              2/2     Running     0          29s
management-up-apim-data-populate-0-to-735-ddaccfc9-xh7gs   0/1     Completed   0          2m22s
management-up-apim-schema-0-to-735-ddaccfc9-zjr5g          0/1     Completed   0          3m31s
management-up-lur-data-populate-0-to-103-ddaccfc9-lkmnh    0/1     Completed   0          2m57s
management-up-lur-schema-0-to-103-ddaccfc9-5jdkb           0/1     Completed   0          3m31s
management-websocket-proxy-df479f5f8-ngnkf                 1/1     Running     0          29s
[H[2J[3JIteration: [0;31m 28  [0m
Last checked at: [1;33m 2025-02-06 14:29:56 [0m
Current state: management   17/18   Pending   10.0.9.0                        Management installation in progress - see status condition for details   5m6s

Total processing time: [0;31m 04:40 [0m
⏳ Still in [0;31mPending[0m status. Checking again in 10 seconds...
[1;33mPress Ctrl+C to stop monitoring[0m


NAME                                                       READY   STATUS      RESTARTS   AGE
datapower-operator-7c44c6c5f6-2w6vl                        1/1     Running     0          37h
datapower-operator-conversion-webhook-697d7c9d56-wwkw4     1/1     Running     0          8m14s
edb-operator-5c59c885d9-zclt6                              1/1     Running     0          4m41s
ibm-apiconnect-c576f8455-skc2n                             1/1     Running     0          37h
management-84a31e64-db-1                                   1/1     Running     0          4m12s
management-analytics-proxy-58c4897b4f-hxw9j                1/1     Running     0          39s
management-analytics-ui-578d496f7f-tn7cc                   1/1     Running     0          3m47s
management-apim-89d8fbd89-782g7                            1/1     Running     0          85s
management-client-downloads-server-6d696d767f-6xnbp        1/1     Running     0          3m47s
management-consumer-catalog-6d7656487d-p2tpb               1/1     Running     0          38s
management-ldap-7b8b5c8f6b-x8dqx                           1/1     Running     0          3m48s
management-lur-58d6d799bb-v7464                            1/1     Running     0          2m54s
management-natscluster-0                                   1/1     Running     0          3m47s
management-portal-proxy-86d56474d7-2wb8d                   1/1     Running     0          38s
management-s3proxy-0                                       1/1     Running     0          4m24s
management-taskmanager-8c97c699b-sqzb5                     1/1     Running     0          39s
management-ui-9c756b6bb-9ccb8                              2/2     Running     0          39s
management-up-apim-data-populate-0-to-735-ddaccfc9-xh7gs   0/1     Completed   0          2m32s
management-up-apim-schema-0-to-735-ddaccfc9-zjr5g          0/1     Completed   0          3m41s
management-up-lur-data-populate-0-to-103-ddaccfc9-lkmnh    0/1     Completed   0          3m7s
management-up-lur-schema-0-to-103-ddaccfc9-5jdkb           0/1     Completed   0          3m41s
management-websocket-proxy-df479f5f8-ngnkf                 1/1     Running     0          39s
[H[2J[3JIteration: [0;31m 29  [0m
Last checked at: [1;33m 2025-02-06 14:30:06 [0m
Current state: management   17/18   Pending   10.0.9.0                        Management installation in progress - see status condition for details   5m16s

Total processing time: [0;31m 04:50 [0m
⏳ Still in [0;31mPending[0m status. Checking again in 10 seconds...
[1;33mPress Ctrl+C to stop monitoring[0m


NAME                                                       READY   STATUS      RESTARTS   AGE
datapower-operator-7c44c6c5f6-2w6vl                        1/1     Running     0          37h
datapower-operator-conversion-webhook-697d7c9d56-wwkw4     1/1     Running     0          8m24s
edb-operator-5c59c885d9-zclt6                              1/1     Running     0          4m51s
ibm-apiconnect-c576f8455-skc2n                             1/1     Running     0          37h
management-84a31e64-db-1                                   1/1     Running     0          4m22s
management-analytics-proxy-58c4897b4f-hxw9j                1/1     Running     0          49s
management-analytics-ui-578d496f7f-tn7cc                   1/1     Running     0          3m57s
management-apim-89d8fbd89-782g7                            1/1     Running     0          95s
management-client-downloads-server-6d696d767f-6xnbp        1/1     Running     0          3m57s
management-consumer-catalog-6d7656487d-p2tpb               1/1     Running     0          48s
management-juhu-f764dc58b-4h44m                            0/1     Running     0          7s
management-ldap-7b8b5c8f6b-x8dqx                           1/1     Running     0          3m58s
management-lur-58d6d799bb-v7464                            1/1     Running     0          3m4s
management-natscluster-0                                   1/1     Running     0          3m57s
management-portal-proxy-86d56474d7-2wb8d                   1/1     Running     0          48s
management-s3proxy-0                                       1/1     Running     0          4m34s
management-taskmanager-8c97c699b-sqzb5                     1/1     Running     0          49s
management-ui-9c756b6bb-9ccb8                              2/2     Running     0          49s
management-up-apim-data-populate-0-to-735-ddaccfc9-xh7gs   0/1     Completed   0          2m42s
management-up-apim-schema-0-to-735-ddaccfc9-zjr5g          0/1     Completed   0          3m51s
management-up-lur-data-populate-0-to-103-ddaccfc9-lkmnh    0/1     Completed   0          3m17s
management-up-lur-schema-0-to-103-ddaccfc9-5jdkb           0/1     Completed   0          3m51s
management-websocket-proxy-df479f5f8-ngnkf                 1/1     Running     0          49s
[H[2J[3JIteration: [0;31m 30  [0m
Last checked at: [1;33m 2025-02-06 14:30:17 [0m
Current state: management   17/18   Pending   10.0.9.0                        Management installation in progress - see status condition for details   5m26s

Total processing time: [0;31m 05:00 [0m
⏳ Still in [0;31mPending[0m status. Checking again in 10 seconds...
[1;33mPress Ctrl+C to stop monitoring[0m


NAME                                                       READY   STATUS      RESTARTS   AGE
datapower-operator-7c44c6c5f6-2w6vl                        1/1     Running     0          37h
datapower-operator-conversion-webhook-697d7c9d56-wwkw4     1/1     Running     0          8m35s
edb-operator-5c59c885d9-zclt6                              1/1     Running     0          5m2s
ibm-apiconnect-c576f8455-skc2n                             1/1     Running     0          37h
management-84a31e64-db-1                                   1/1     Running     0          4m33s
management-analytics-proxy-58c4897b4f-hxw9j                1/1     Running     0          60s
management-analytics-ui-578d496f7f-tn7cc                   1/1     Running     0          4m8s
management-apim-89d8fbd89-782g7                            1/1     Running     0          106s
management-client-downloads-server-6d696d767f-6xnbp        1/1     Running     0          4m8s
management-consumer-catalog-6d7656487d-p2tpb               1/1     Running     0          59s
management-juhu-f764dc58b-4h44m                            1/1     Running     0          18s
management-ldap-7b8b5c8f6b-x8dqx                           1/1     Running     0          4m9s
management-lur-58d6d799bb-v7464                            1/1     Running     0          3m15s
management-natscluster-0                                   1/1     Running     0          4m8s
management-portal-proxy-86d56474d7-2wb8d                   1/1     Running     0          59s
management-s3proxy-0                                       1/1     Running     0          4m45s
management-taskmanager-8c97c699b-sqzb5                     1/1     Running     0          60s
management-ui-9c756b6bb-9ccb8                              2/2     Running     0          60s
management-up-apim-data-populate-0-to-735-ddaccfc9-xh7gs   0/1     Completed   0          2m53s
management-up-apim-schema-0-to-735-ddaccfc9-zjr5g          0/1     Completed   0          4m2s
management-up-lur-data-populate-0-to-103-ddaccfc9-lkmnh    0/1     Completed   0          3m28s
management-up-lur-schema-0-to-103-ddaccfc9-5jdkb           0/1     Completed   0          4m2s
management-websocket-proxy-df479f5f8-ngnkf                 1/1     Running     0          60s
[H[2J[3JIteration: [0;31m 31  [0m
Last checked at: [1;33m 2025-02-06 14:30:27 [0m
Current state: management   17/19   Pending   10.0.9.0   10.0.9.0-8759        Some services are not ready - see status condition for details   5m37s

Total processing time: [0;31m 05:10 [0m
⏳ Still in [0;31mPending[0m status. Checking again in 10 seconds...
[1;33mPress Ctrl+C to stop monitoring[0m


NAME                                                       READY   STATUS        RESTARTS   AGE
datapower-operator-7c44c6c5f6-2w6vl                        1/1     Running       0          37h
datapower-operator-conversion-webhook-697d7c9d56-wwkw4     1/1     Running       0          8m45s
edb-operator-5c59c885d9-zclt6                              1/1     Running       0          5m12s
ibm-apiconnect-c576f8455-skc2n                             1/1     Running       0          37h
management-84a31e64-db-1                                   1/1     Running       0          4m43s
management-analytics-proxy-58c4897b4f-hxw9j                1/1     Running       0          70s
management-analytics-ui-578d496f7f-tn7cc                   1/1     Running       0          4m18s
management-apim-89d8fbd89-782g7                            1/1     Terminating   0          116s
management-client-downloads-server-6d696d767f-6xnbp        1/1     Running       0          4m18s
management-consumer-catalog-6d7656487d-p2tpb               1/1     Running       0          69s
management-juhu-f764dc58b-4h44m                            1/1     Running       0          28s
management-ldap-7b8b5c8f6b-x8dqx                           1/1     Running       0          4m19s
management-lur-58d6d799bb-v7464                            1/1     Running       0          3m25s
management-natscluster-0                                   1/1     Running       0          4m18s
management-portal-proxy-86d56474d7-2wb8d                   1/1     Running       0          69s
management-s3proxy-0                                       1/1     Running       0          4m55s
management-taskmanager-8c97c699b-sqzb5                     1/1     Running       0          70s
management-ui-9c756b6bb-9ccb8                              2/2     Running       0          70s
management-up-apim-data-populate-0-to-735-ddaccfc9-xh7gs   0/1     Completed     0          3m3s
management-up-apim-schema-0-to-735-ddaccfc9-zjr5g          0/1     Completed     0          4m12s
management-up-lur-data-populate-0-to-103-ddaccfc9-lkmnh    0/1     Completed     0          3m38s
management-up-lur-schema-0-to-103-ddaccfc9-5jdkb           0/1     Completed     0          4m12s
management-websocket-proxy-df479f5f8-ngnkf                 1/1     Running       0          70s
[H[2J[3JIteration: [0;31m 32  [0m
Last checked at: [1;33m 2025-02-06 14:30:37 [0m
Current state: management   18/19   Pending   10.0.9.0   10.0.9.0-8759        Some services are not ready - see status condition for details   5m47s

Total processing time: [0;31m 05:20 [0m
⏳ Still in [0;31mPending[0m status. Checking again in 10 seconds...
[1;33mPress Ctrl+C to stop monitoring[0m


NAME                                                       READY   STATUS      RESTARTS   AGE
datapower-operator-7c44c6c5f6-2w6vl                        1/1     Running     0          37h
datapower-operator-conversion-webhook-697d7c9d56-wwkw4     1/1     Running     0          8m55s
edb-operator-5c59c885d9-zclt6                              1/1     Running     0          5m22s
ibm-apiconnect-c576f8455-skc2n                             1/1     Running     0          37h
management-84a31e64-db-1                                   1/1     Running     0          4m53s
management-analytics-proxy-58c4897b4f-hxw9j                1/1     Running     0          80s
management-analytics-ui-578d496f7f-tn7cc                   1/1     Running     0          4m28s
management-apim-5755cc5d85-vnkl9                           0/1     Running     0          9s
management-client-downloads-server-6d696d767f-6xnbp        1/1     Running     0          4m28s
management-consumer-catalog-6d7656487d-p2tpb               1/1     Running     0          79s
management-juhu-f764dc58b-4h44m                            1/1     Running     0          38s
management-ldap-7b8b5c8f6b-x8dqx                           1/1     Running     0          4m29s
management-lur-58d6d799bb-v7464                            1/1     Running     0          3m35s
management-natscluster-0                                   1/1     Running     0          4m28s
management-portal-proxy-86d56474d7-2wb8d                   1/1     Running     0          79s
management-s3proxy-0                                       1/1     Running     0          5m5s
management-taskmanager-8c97c699b-sqzb5                     1/1     Running     0          80s
management-ui-9c756b6bb-9ccb8                              2/2     Running     0          80s
management-up-apim-data-populate-0-to-735-ddaccfc9-xh7gs   0/1     Completed   0          3m13s
management-up-apim-schema-0-to-735-ddaccfc9-zjr5g          0/1     Completed   0          4m22s
management-up-lur-data-populate-0-to-103-ddaccfc9-lkmnh    0/1     Completed   0          3m48s
management-up-lur-schema-0-to-103-ddaccfc9-5jdkb           0/1     Completed   0          4m22s
management-websocket-proxy-df479f5f8-ngnkf                 1/1     Running     0          80s
[H[2J[3JIteration: [0;31m 33  [0m
Last checked at: [1;33m 2025-02-06 14:30:47 [0m
Current state: management   18/19   Pending   10.0.9.0   10.0.9.0-8759        Some services are not ready - see status condition for details   5m57s

Total processing time: [0;31m 05:30 [0m
⏳ Still in [0;31mPending[0m status. Checking again in 10 seconds...
[1;33mPress Ctrl+C to stop monitoring[0m


NAME                                                       READY   STATUS      RESTARTS   AGE
datapower-operator-7c44c6c5f6-2w6vl                        1/1     Running     0          37h
datapower-operator-conversion-webhook-697d7c9d56-wwkw4     1/1     Running     0          9m5s
edb-operator-5c59c885d9-zclt6                              1/1     Running     0          5m32s
ibm-apiconnect-c576f8455-skc2n                             1/1     Running     0          37h
management-84a31e64-db-1                                   1/1     Running     0          5m3s
management-analytics-proxy-58c4897b4f-hxw9j                1/1     Running     0          90s
management-analytics-ui-578d496f7f-tn7cc                   1/1     Running     0          4m38s
management-apim-5755cc5d85-vnkl9                           0/1     Running     0          19s
management-client-downloads-server-6d696d767f-6xnbp        1/1     Running     0          4m38s
management-consumer-catalog-6d7656487d-p2tpb               1/1     Running     0          89s
management-juhu-f764dc58b-4h44m                            1/1     Running     0          48s
management-ldap-7b8b5c8f6b-x8dqx                           1/1     Running     0          4m39s
management-lur-58d6d799bb-v7464                            1/1     Running     0          3m45s
management-natscluster-0                                   1/1     Running     0          4m38s
management-portal-proxy-86d56474d7-2wb8d                   1/1     Running     0          89s
management-s3proxy-0                                       1/1     Running     0          5m15s
management-taskmanager-8c97c699b-sqzb5                     1/1     Running     0          90s
management-ui-9c756b6bb-9ccb8                              2/2     Running     0          90s
management-up-apim-data-populate-0-to-735-ddaccfc9-xh7gs   0/1     Completed   0          3m23s
management-up-apim-schema-0-to-735-ddaccfc9-zjr5g          0/1     Completed   0          4m32s
management-up-lur-data-populate-0-to-103-ddaccfc9-lkmnh    0/1     Completed   0          3m58s
management-up-lur-schema-0-to-103-ddaccfc9-5jdkb           0/1     Completed   0          4m32s
management-websocket-proxy-df479f5f8-ngnkf                 1/1     Running     0          90s
[H[2J[3JIteration: [0;31m 34  [0m
Last checked at: [1;33m 2025-02-06 14:30:57 [0m
Current state: management   18/19   Pending   10.0.9.0   10.0.9.0-8759        Some services are not ready - see status condition for details   6m7s

Total processing time: [0;31m 05:40 [0m
⏳ Still in [0;31mPending[0m status. Checking again in 10 seconds...
[1;33mPress Ctrl+C to stop monitoring[0m


NAME                                                       READY   STATUS      RESTARTS   AGE
datapower-operator-7c44c6c5f6-2w6vl                        1/1     Running     0          37h
datapower-operator-conversion-webhook-697d7c9d56-wwkw4     1/1     Running     0          9m16s
edb-operator-5c59c885d9-zclt6                              1/1     Running     0          5m43s
ibm-apiconnect-c576f8455-skc2n                             1/1     Running     0          37h
management-84a31e64-db-1                                   1/1     Running     0          5m14s
management-analytics-proxy-58c4897b4f-hxw9j                1/1     Running     0          101s
management-analytics-ui-578d496f7f-tn7cc                   1/1     Running     0          4m49s
management-apim-5755cc5d85-vnkl9                           0/1     Running     0          30s
management-client-downloads-server-6d696d767f-6xnbp        1/1     Running     0          4m49s
management-consumer-catalog-6d7656487d-p2tpb               1/1     Running     0          100s
management-juhu-f764dc58b-4h44m                            1/1     Running     0          59s
management-ldap-7b8b5c8f6b-x8dqx                           1/1     Running     0          4m50s
management-lur-58d6d799bb-v7464                            1/1     Running     0          3m56s
management-natscluster-0                                   1/1     Running     0          4m49s
management-portal-proxy-86d56474d7-2wb8d                   1/1     Running     0          100s
management-s3proxy-0                                       1/1     Running     0          5m26s
management-taskmanager-8c97c699b-sqzb5                     1/1     Running     0          101s
management-ui-9c756b6bb-9ccb8                              2/2     Running     0          101s
management-up-apim-data-populate-0-to-735-ddaccfc9-xh7gs   0/1     Completed   0          3m34s
management-up-apim-schema-0-to-735-ddaccfc9-zjr5g          0/1     Completed   0          4m43s
management-up-lur-data-populate-0-to-103-ddaccfc9-lkmnh    0/1     Completed   0          4m9s
management-up-lur-schema-0-to-103-ddaccfc9-5jdkb           0/1     Completed   0          4m43s
management-websocket-proxy-df479f5f8-ngnkf                 1/1     Running     0          101s
[H[2J[3JIteration: [0;31m 35  [0m
Last checked at: [1;33m 2025-02-06 14:31:08 [0m
Current state: management   19/19   Running   10.0.9.0   10.0.9.0-8759        Management is ready   6m18s

✅ [0;32mManagement is now Running![0m
Final state: management   19/19   Running   10.0.9.0   10.0.9.0-8759        Management is ready   6m18s
NAME         READY   STATUS    VERSION    RECONCILED VERSION   MESSAGE               AGE
management   19/19   Running   10.0.9.0   10.0.9.0-8759        Management is ready   6m18s


# [1;33m-------------------------------[0m
# [1;33mDeploy DataPower CR            [0m
# [1;33m-------------------------------[0m
# Create File: custom-datapower-config.cfg
configmap/enable-webui-config configured
gatewaycluster.gateway.apiconnect.ibm.com/gwv6 created
error: no matching resources found
[0;31mTimeout occurred when query: [{.status.phase}'=Running GatewayCluster]. Continuing script...[0m
Execute the following command: [1;33m k wait --for=jsonpath='{.status.phase}'=Running GatewayCluster -l app.kubernetes.io/name=gwv6 --timeout=1200s -n apic [0m
error: no matching resources found
[0;31mTimeout occurred when query: [GatewayCluster is in a Pending status]. Continuing script...[0m
Execute the following command: [1;33m k wait --for=condition=ready GatewayCluster -l app.kubernetes.io/name=gwv6 --timeout=1200s -n apic [0m
pod/datapower-operator-7c44c6c5f6-2w6vl condition met
pod/datapower-operator-conversion-webhook-697d7c9d56-wwkw4 condition met
pod/gwv6-0 condition met
NAME   READY   STATUS    VERSION    RECONCILED VERSION   AGE
gwv6   1/2     Pending   10.0.9.0                        2m15s
service/gwv6-0-datapower-webgui unchanged


# [1;33m-------------------------------[0m
# [1;33mDeploy Analytics CR            [0m
# [1;33m-------------------------------[0m
daemonset.apps/set-maxmapcount unchanged
analyticscluster.analytics.apiconnect.ibm.com/analytics created
error: no matching resources found
error: no matching resources found
NAME        READY   STATUS    VERSION    RECONCILED VERSION   AGE
analytics   0/7     Pending   10.0.9.0                        31s


# [1;33m-------------------------------[0m
# [1;33mDeploy Portal CR               [0m
# [1;33m-------------------------------[0m
portalcluster.portal.apiconnect.ibm.com/portal created
error: no matching resources found
[0;31mTimeout occurred when query: [{.status.phase}'=Running PortalCluster]. Continuing script...[0m
[0;31mExecute the following command: [0m [1;33m k wait --for=jsonpath='{.status.phase}'=Running PortalCluster -l app.kubernetes.io/name=portal --timeout=300s -n apic [0m
error: no matching resources found
[0;31mTimeout occurred when query: [PortalCluster is in a Pending status]. Continuing script...[0m
[0;31mExecute the following command: [0m [1;33m k wait --for=condition=ready PortalCluster -l app.kubernetes.io/name=portal --timeout=300s -n apic [0m
NAME     READY   STATUS    VERSION    RECONCILED VERSION   MESSAGE   AGE
portal   2/4     Pending   10.0.9.0                                  30s


# [1;33m===========================[0m
# [0;32m===      Ver: 10.0.9.0[0m
# [0;32m===      ✅ Done [0m
# [1;33m===========================[0m

Script done on 2025-02-06 14:34:25+00:00 [COMMAND_EXIT_CODE="0"]
