Script started on 2025-02-06 14:20:21+00:00 [COMMAND="./01-apic-infra-preparations.sh     "10.0.9.0" "L-WPTV-3V8RK2" "1.12.13"     "158.176.5.141" "" "ZAQ12wsx"     "apic"     "hcr.158.176.5.141.nip.io" "apic" "apic-cr" "Harbor12345"     "n1xc2.m16" "n1xc2.m8" "n1xc2.m16" "n1xc1.m8"" TERM="xterm-256color" TTY="/dev/pts/4" COLUMNS="106" LINES="29"]
[1;33m

 ######               :####                                                                                                                  
 ######               #####                                   ##                                                                             
   ##                 ##                                      ##                                                                             
   ##     ##.####   #######    ##.####   :####     :#####.  #######    ##.####   ##    ##     ####:  #######   ##    ##   ##.####   .####:   
   ##     #######   #######    #######   ######   ########  #######    #######   ##    ##   #######  #######   ##    ##   #######  .######:  
   ##     ###  :##    ##       ###.      #:  :##  ##:  .:#    ##       ###.      ##    ##   ##:  :#    ##      ##    ##   ###.     ##:  :##  
   ##     ##    ##    ##       ##         :#####  ##### .     ##       ##        ##    ##  ##.         ##      ##    ##   ##       ########  
   ##     ##    ##    ##       ##       .#######  .######:    ##       ##        ##    ##  ##          ##      ##    ##   ##       ########  
   ##     ##    ##    ##       ##       ## .  ##     .: ##    ##       ##        ##    ##  ##.         ##      ##    ##   ##       ##        
   ##     ##    ##    ##       ##       ##:  ###  #:.  :##    ##.      ##        ##:  ###   ##:  .#    ##.     ##:  ###   ##       ###.  :#  
 ######   ##    ##    ##       ##       ########  ########    #####    ##         #######   #######    #####    #######   ##       .#######  
 ######   ##    ##    ##       ##         ###.##  . ####      .####    ##          ###.##     ####:    .####     ###.##   ##        .#####:  
                                                                                                                                             
 #######:                                                                ##        ##                                                        
 ##   :##                                                                ##                                                                  
 ##    ##   ##.####   .####:   ##.###:    :####     ##.####   :####    #######   ####      .####.   ##.####                                  
 ##   :##   #######  .######:  #######:   ######    #######   ######   #######   ####     .######.  #######                                  
 #######:   ###.     ##:  :##  ###  ###   #:  :##   ###.      #:  :##    ##        ##     ###  ###  ###  :##                                 
 ######:    ##       ########  ##.  .##    :#####   ##         :#####    ##        ##     ##.  .##  ##    ##                                 
 ##         ##       ########  ##    ##  .#######   ##       .#######    ##        ##     ##    ##  ##    ##                                 
 ##         ##       ##        ##.  .##  ## .  ##   ##       ## .  ##    ##        ##     ##.  .##  ##    ##                                 
 ##         ##       ###.  :#  ###  ###  ##:  ###   ##       ##:  ###    ##.       ##     ###  ###  ##    ##                                 
 ##         ##       .#######  #######:  ########   ##       ########    #####  ########  .######.  ##    ##                                 
 ##         ##        .#####:  ##.###:     ###.##   ##         ###.##    .####  ########   .####.   ##    ##                                 
                               ##                                                                                                            
                               ##                                                                                                            
                               ##                                                                                                            
[0m

# [0;32m===============================[0m
# [0;32mInfrastructure Preparation     [0m
# [0;32m===============================[0m


# [1;33mCheck if Kubectl is installed... [0m
# ✅[0;32mKubectl is installed.[0m


# [1;33mCheck if Docker is installed... [0m
# ✅[0;32mDocker is installed.[0m


[sudo] password for oren: 
Synchronizing state of docker.service with SysV service script with /usr/lib/systemd/systemd-sysv-install.
Executing: /usr/lib/systemd/systemd-sysv-install enable docker
Validated Parameters:
├── APIC Version: 10.0.9.0
├── License Key: L-WPTV-3V8RK2
└── Cert Manager Version: 1.12.13
mkdir: cannot create directory ‘./logs’: File exists
mkdir: cannot create directory ‘./temp’: File exists

Script done on 2025-02-06 14:20:26+00:00 [COMMAND_EXIT_CODE="0"]
